2017-04-03 19:37:09,678 [INFO] from play.core.server.NettyServer in pool-4-thread-2 - Listening for HTTP on /0:0:0:0:0:0:0:0:9000
2017-04-03 19:38:06,082 [INFO] from application in ForkJoinPool-1-worker-1 - Creating Pool for datasource 'default'
2017-04-03 19:38:17,739 [INFO] from play.api.db.HikariCPConnectionPool in ForkJoinPool-1-worker-1 - datasource [default] bound to JNDI as DefaultDS
2017-04-03 19:38:17,774 [INFO] from play.api.db.DefaultDBApi in ForkJoinPool-1-worker-1 - Database [default] connected at jdbc:mysql://127.0.01:3306/dbemployee
2017-04-03 19:38:21,896 [ERROR] from application in New I/O worker #1 - 

! @73h8d39kj - Internal server error, for (GET) [/] ->
 
play.api.db.evolutions.InvalidDatabaseRevision: Database 'default' needs evolution![An SQL script need to be run on your database.]
	at play.api.db.evolutions.ApplicationEvolutions$$anonfun$play$api$db$evolutions$ApplicationEvolutions$$runEvolutions$1.apply$mcV$sp(ApplicationEvolutions.scala:76) ~[play-jdbc-evolutions_2.11-2.4.3.jar:2.4.3]
	at play.api.db.evolutions.ApplicationEvolutions.withLock(ApplicationEvolutions.scala:98) ~[play-jdbc-evolutions_2.11-2.4.3.jar:2.4.3]
	at play.api.db.evolutions.ApplicationEvolutions.play$api$db$evolutions$ApplicationEvolutions$$runEvolutions(ApplicationEvolutions.scala:49) ~[play-jdbc-evolutions_2.11-2.4.3.jar:2.4.3]
	at play.api.db.evolutions.ApplicationEvolutions$$anonfun$start$1.apply(ApplicationEvolutions.scala:42) ~[play-jdbc-evolutions_2.11-2.4.3.jar:2.4.3]
	at play.api.db.evolutions.ApplicationEvolutions$$anonfun$start$1.apply(ApplicationEvolutions.scala:42) ~[play-jdbc-evolutions_2.11-2.4.3.jar:2.4.3]
	at scala.collection.immutable.List.foreach(List.scala:381) ~[scala-library-2.11.6.jar:na]
	at play.api.db.evolutions.ApplicationEvolutions.start(ApplicationEvolutions.scala:42) ~[play-jdbc-evolutions_2.11-2.4.3.jar:2.4.3]
	at play.api.db.evolutions.ApplicationEvolutions.<init>(ApplicationEvolutions.scala:149) ~[play-jdbc-evolutions_2.11-2.4.3.jar:2.4.3]
	at play.api.db.evolutions.ApplicationEvolutionsProvider.get$lzycompute(EvolutionsModule.scala:53) ~[play-jdbc-evolutions_2.11-2.4.3.jar:2.4.3]
	at play.api.db.evolutions.ApplicationEvolutionsProvider.get(EvolutionsModule.scala:53) ~[play-jdbc-evolutions_2.11-2.4.3.jar:2.4.3]
	at play.api.db.evolutions.ApplicationEvolutionsProvider.get(EvolutionsModule.scala:44) ~[play-jdbc-evolutions_2.11-2.4.3.jar:2.4.3]
	at com.google.inject.internal.ProviderInternalFactory.provision(ProviderInternalFactory.java:81) ~[guice-4.0.jar:na]
	at com.google.inject.internal.BoundProviderFactory.provision(BoundProviderFactory.java:72) ~[guice-4.0.jar:na]
	at com.google.inject.internal.ProviderInternalFactory.circularGet(ProviderInternalFactory.java:61) ~[guice-4.0.jar:na]
	at com.google.inject.internal.BoundProviderFactory.get(BoundProviderFactory.java:62) ~[guice-4.0.jar:na]
	at com.google.inject.internal.ProviderToInternalFactoryAdapter$1.call(ProviderToInternalFactoryAdapter.java:46) ~[guice-4.0.jar:na]
	at com.google.inject.internal.InjectorImpl.callInContext(InjectorImpl.java:1103) ~[guice-4.0.jar:na]
	at com.google.inject.internal.ProviderToInternalFactoryAdapter.get(ProviderToInternalFactoryAdapter.java:40) ~[guice-4.0.jar:na]
	at com.google.inject.internal.SingletonScope$1.get(SingletonScope.java:145) ~[guice-4.0.jar:na]
	at com.google.inject.internal.InternalFactoryToProviderAdapter.get(InternalFactoryToProviderAdapter.java:41) ~[guice-4.0.jar:na]
	at com.google.inject.internal.InternalInjectorCreator$1.call(InternalInjectorCreator.java:205) ~[guice-4.0.jar:na]
	at com.google.inject.internal.InternalInjectorCreator$1.call(InternalInjectorCreator.java:199) ~[guice-4.0.jar:na]
	at com.google.inject.internal.InjectorImpl.callInContext(InjectorImpl.java:1092) ~[guice-4.0.jar:na]
	at com.google.inject.internal.InternalInjectorCreator.loadEagerSingletons(InternalInjectorCreator.java:199) ~[guice-4.0.jar:na]
	at com.google.inject.internal.InternalInjectorCreator.injectDynamically(InternalInjectorCreator.java:180) ~[guice-4.0.jar:na]
	at com.google.inject.internal.InternalInjectorCreator.build(InternalInjectorCreator.java:110) ~[guice-4.0.jar:na]
	at com.google.inject.Guice.createInjector(Guice.java:96) ~[guice-4.0.jar:na]
	at com.google.inject.Guice.createInjector(Guice.java:73) ~[guice-4.0.jar:na]
	at com.google.inject.Guice.createInjector(Guice.java:62) ~[guice-4.0.jar:na]
	at play.api.inject.guice.GuiceBuilder.injector(GuiceInjectorBuilder.scala:126) ~[play_2.11-2.4.3.jar:2.4.3]
	at play.api.inject.guice.GuiceApplicationBuilder.build(GuiceApplicationBuilder.scala:93) ~[play_2.11-2.4.3.jar:2.4.3]
	at play.api.inject.guice.GuiceApplicationLoader.load(GuiceApplicationLoader.scala:21) ~[play_2.11-2.4.3.jar:2.4.3]
	at play.core.server.DevServerStart$$anonfun$mainDev$1$$anon$1$$anonfun$get$1$$anonfun$apply$1$$anonfun$1$$anonfun$2.apply(DevServerStart.scala:153) ~[play-server_2.11-2.4.3.jar:2.4.3]
	at play.core.server.DevServerStart$$anonfun$mainDev$1$$anon$1$$anonfun$get$1$$anonfun$apply$1$$anonfun$1$$anonfun$2.apply(DevServerStart.scala:150) ~[play-server_2.11-2.4.3.jar:2.4.3]
	at play.utils.Threads$.withContextClassLoader(Threads.scala:21) ~[play_2.11-2.4.3.jar:2.4.3]
	at play.core.server.DevServerStart$$anonfun$mainDev$1$$anon$1$$anonfun$get$1$$anonfun$apply$1$$anonfun$1.apply(DevServerStart.scala:150) ~[play-server_2.11-2.4.3.jar:2.4.3]
	at play.core.server.DevServerStart$$anonfun$mainDev$1$$anon$1$$anonfun$get$1$$anonfun$apply$1$$anonfun$1.apply(DevServerStart.scala:121) ~[play-server_2.11-2.4.3.jar:2.4.3]
	at scala.Option.map(Option.scala:146) ~[scala-library-2.11.6.jar:na]
	at play.core.server.DevServerStart$$anonfun$mainDev$1$$anon$1$$anonfun$get$1$$anonfun$apply$1.apply(DevServerStart.scala:121) ~[play-server_2.11-2.4.3.jar:2.4.3]
	at play.core.server.DevServerStart$$anonfun$mainDev$1$$anon$1$$anonfun$get$1$$anonfun$apply$1.apply(DevServerStart.scala:119) ~[play-server_2.11-2.4.3.jar:2.4.3]
	at scala.util.Success.flatMap(Try.scala:230) ~[scala-library-2.11.6.jar:na]
	at play.core.server.DevServerStart$$anonfun$mainDev$1$$anon$1$$anonfun$get$1.apply(DevServerStart.scala:119) ~[play-server_2.11-2.4.3.jar:2.4.3]
	at play.core.server.DevServerStart$$anonfun$mainDev$1$$anon$1$$anonfun$get$1.apply(DevServerStart.scala:111) ~[play-server_2.11-2.4.3.jar:2.4.3]
	at scala.concurrent.impl.Future$PromiseCompletingRunnable.liftedTree1$1(Future.scala:24) ~[scala-library-2.11.6.jar:na]
	at scala.concurrent.impl.Future$PromiseCompletingRunnable.run(Future.scala:24) ~[scala-library-2.11.6.jar:na]
	at java.util.concurrent.ForkJoinTask$RunnableExecuteAction.exec(Unknown Source) ~[na:1.8.0_121]
	at java.util.concurrent.ForkJoinTask.doExec(Unknown Source) ~[na:1.8.0_121]
	at java.util.concurrent.ForkJoinPool$WorkQueue.runTask(Unknown Source) ~[na:1.8.0_121]
	at java.util.concurrent.ForkJoinPool.runWorker(Unknown Source) ~[na:1.8.0_121]
	at java.util.concurrent.ForkJoinWorkerThread.run(Unknown Source) ~[na:1.8.0_121]
2017-04-03 19:38:56,217 [INFO] from application in ForkJoinPool-1-worker-0 - Creating Pool for datasource 'default'
2017-04-03 19:38:56,386 [INFO] from play.api.db.HikariCPConnectionPool in ForkJoinPool-1-worker-0 - datasource [default] bound to JNDI as DefaultDS
2017-04-03 19:38:56,397 [INFO] from play.api.db.DefaultDBApi in ForkJoinPool-1-worker-0 - Database [default] connected at jdbc:mysql://127.0.01:3306/dbemployee
2017-04-03 19:38:58,547 [INFO] from play.api.Play in ForkJoinPool-1-worker-0 - Application started (Dev)
2017-04-03 19:40:11,102 [WARN] from org.hibernate.ejb.HibernatePersistence in application-akka.actor.default-dispatcher-6 - HHH015016: Encountered a deprecated javax.persistence.spi.PersistenceProvider [org.hibernate.ejb.HibernatePersistence]; use [org.hibernate.jpa.HibernatePersistenceProvider] instead.
2017-04-03 19:40:11,112 [WARN] from org.hibernate.ejb.HibernatePersistence in application-akka.actor.default-dispatcher-6 - HHH015016: Encountered a deprecated javax.persistence.spi.PersistenceProvider [org.hibernate.ejb.HibernatePersistence]; use [org.hibernate.jpa.HibernatePersistenceProvider] instead.
2017-04-03 19:40:11,114 [WARN] from org.hibernate.ejb.HibernatePersistence in application-akka.actor.default-dispatcher-6 - HHH015016: Encountered a deprecated javax.persistence.spi.PersistenceProvider [org.hibernate.ejb.HibernatePersistence]; use [org.hibernate.jpa.HibernatePersistenceProvider] instead.
